<?xml version="1.0" encoding="UTF-8"?>
<coverage generated="1681719113834" clover="3.2.0">
  <project timestamp="1681719113835" name="All files">
    <metrics statements="22" coveredstatements="13" conditionals="2" coveredconditionals="0" methods="8" coveredmethods="3" elements="32" coveredelements="16" complexity="0" loc="22" ncloc="22" packages="1" files="2" classes="2"/>
    <file name="phone.js" path="/project/home/mahmoud.khudairi/workspace/phone.js">
      <metrics statements="3" coveredstatements="3" conditionals="0" coveredconditionals="0" methods="1" coveredmethods="1"/>
      <line num="2" count="5" type="stmt"/>
      <line num="4" count="5" type="stmt"/>
      <line num="6" count="1" type="stmt"/>
    </file>
    <file name="utils.js" path="/project/home/mahmoud.khudairi/workspace/utils.js">
      <metrics statements="19" coveredstatements="10" conditionals="2" coveredconditionals="0" methods="7" coveredmethods="2"/>
      <line num="1" count="1" type="stmt"/>
      <line num="2" count="3" type="stmt"/>
      <line num="5" count="1" type="stmt"/>
      <line num="6" count="3" type="stmt"/>
      <line num="9" count="1" type="stmt"/>
      <line num="10" count="0" type="stmt"/>
      <line num="13" count="1" type="stmt"/>
      <line num="14" count="0" type="stmt"/>
      <line num="17" count="1" type="stmt"/>
      <line num="18" count="0" type="stmt"/>
      <line num="21" count="1" type="stmt"/>
      <line num="22" count="0" type="cond" truecount="0" falsecount="2"/>
      <line num="23" count="0" type="stmt"/>
      <line num="26" count="1" type="stmt"/>
      <line num="27" count="0" type="stmt"/>
      <line num="28" count="0" type="stmt"/>
      <line num="29" count="0" type="stmt"/>
      <line num="31" count="0" type="stmt"/>
      <line num="34" count="1" type="stmt"/>
    </file>
  </project>
</coverage>
