{"/project/home/mahmoud.khudairi/workspace/phone.js": {"path":"/project/home/mahmoud.khudairi/workspace/phone.js","statementMap":{"0":{"start":{"line":2,"column":16},"end":{"line":2,"column":55}},"1":{"start":{"line":4,"column":2},"end":{"line":4,"column":28}},"2":{"start":{"line":6,"column":0},"end":{"line":6,"column":31}}},"fnMap":{"0":{"name":"isPhoneNumber","decl":{"start":{"line":1,"column":9},"end":{"line":1,"column":22}},"loc":{"start":{"line":1,"column":31},"end":{"line":5,"column":1}},"line":1}},"branchMap":{},"s":{"0":5,"1":5,"2":1},"f":{"0":5},"b":{},"_coverageSchema":"1a1c01bbd47fc00a2c39e90264f33305004495a9","hash":"fbde21bb72df756b270543d43b436b2a3d9f35c5"}
,"/project/home/mahmoud.khudairi/workspace/utils.js": {"path":"/project/home/mahmoud.khudairi/workspace/utils.js","statementMap":{"0":{"start":{"line":1,"column":12},"end":{"line":3,"column":1}},"1":{"start":{"line":2,"column":2},"end":{"line":2,"column":15}},"2":{"start":{"line":5,"column":18},"end":{"line":7,"column":1}},"3":{"start":{"line":6,"column":2},"end":{"line":6,"column":15}},"4":{"start":{"line":9,"column":17},"end":{"line":11,"column":1}},"5":{"start":{"line":10,"column":2},"end":{"line":10,"column":15}},"6":{"start":{"line":13,"column":15},"end":{"line":15,"column":1}},"7":{"start":{"line":14,"column":2},"end":{"line":14,"column":15}},"8":{"start":{"line":17,"column":19},"end":{"line":19,"column":1}},"9":{"start":{"line":18,"column":2},"end":{"line":18,"column":23}},"10":{"start":{"line":21,"column":18},"end":{"line":24,"column":1}},"11":{"start":{"line":22,"column":2},"end":{"line":22,"column":24}},"12":{"start":{"line":22,"column":15},"end":{"line":22,"column":24}},"13":{"start":{"line":23,"column":2},"end":{"line":23,"column":30}},"14":{"start":{"line":26,"column":18},"end":{"line":32,"column":1}},"15":{"start":{"line":27,"column":17},"end":{"line":27,"column":23}},"16":{"start":{"line":28,"column":2},"end":{"line":30,"column":3}},"17":{"start":{"line":28,"column":15},"end":{"line":28,"column":16}},"18":{"start":{"line":29,"column":4},"end":{"line":29,"column":52}},"19":{"start":{"line":31,"column":2},"end":{"line":31,"column":18}},"20":{"start":{"line":34,"column":0},"end":{"line":42,"column":2}}},"fnMap":{"0":{"name":"(anonymous_0)","decl":{"start":{"line":1,"column":12},"end":{"line":1,"column":13}},"loc":{"start":{"line":1,"column":22},"end":{"line":3,"column":1}},"line":1},"1":{"name":"(anonymous_1)","decl":{"start":{"line":5,"column":18},"end":{"line":5,"column":19}},"loc":{"start":{"line":5,"column":28},"end":{"line":7,"column":1}},"line":5},"2":{"name":"(anonymous_2)","decl":{"start":{"line":9,"column":17},"end":{"line":9,"column":18}},"loc":{"start":{"line":9,"column":27},"end":{"line":11,"column":1}},"line":9},"3":{"name":"(anonymous_3)","decl":{"start":{"line":13,"column":15},"end":{"line":13,"column":16}},"loc":{"start":{"line":13,"column":25},"end":{"line":15,"column":1}},"line":13},"4":{"name":"(anonymous_4)","decl":{"start":{"line":17,"column":19},"end":{"line":17,"column":20}},"loc":{"start":{"line":17,"column":29},"end":{"line":19,"column":1}},"line":17},"5":{"name":"(anonymous_5)","decl":{"start":{"line":21,"column":18},"end":{"line":21,"column":19}},"loc":{"start":{"line":21,"column":25},"end":{"line":24,"column":1}},"line":21},"6":{"name":"(anonymous_6)","decl":{"start":{"line":26,"column":18},"end":{"line":26,"column":19}},"loc":{"start":{"line":26,"column":30},"end":{"line":32,"column":1}},"line":26}},"branchMap":{"0":{"loc":{"start":{"line":22,"column":2},"end":{"line":22,"column":24}},"type":"if","locations":[{"start":{"line":22,"column":2},"end":{"line":22,"column":24}},{"start":{},"end":{}}],"line":22}},"s":{"0":1,"1":3,"2":1,"3":3,"4":1,"5":0,"6":1,"7":0,"8":1,"9":0,"10":1,"11":0,"12":0,"13":0,"14":1,"15":0,"16":0,"17":0,"18":0,"19":0,"20":1},"f":{"0":3,"1":3,"2":0,"3":0,"4":0,"5":0,"6":0},"b":{"0":[0,0]},"_coverageSchema":"1a1c01bbd47fc00a2c39e90264f33305004495a9","hash":"d746f5636436626f7bd8257c243fe03b2eb1fab3"}
}
